<?xml version="1.0" encoding="UTF-8"?>
<testng-results skipped="0" failed="0" ignored="0" total="1" passed="1">
  <reporter-output>
  </reporter-output>
  <suite name="Default suite" duration-ms="9276" started-at="2023-08-17T03:36:26Z" finished-at="2023-08-17T03:36:36Z">
    <groups>
    </groups>
    <test name="Default test" duration-ms="9276" started-at="2023-08-17T03:36:26Z" finished-at="2023-08-17T03:36:36Z">
      <class name="com.weatherdata.API.WeatherDataAPITest">
        <test-method status="PASS" signature="weather()[pri:0, instance:com.weatherdata.API.WeatherDataAPITest@6767c1fc]" name="weather" duration-ms="9222" started-at="2023-08-17T09:06:26Z" finished-at="2023-08-17T09:06:36Z">
          <reporter-output>
          </reporter-output>
        </test-method> <!-- weather -->
      </class> <!-- com.weatherdata.API.WeatherDataAPITest -->
    </test> <!-- Default test -->
  </suite> <!-- Default suite -->
</testng-results>
